# JRE version: Java(TM) SE Runtime Environment (21.0.5+9) (build 21.0.5+9-LTS-239)
# Java VM: Java HotSpot(TM) 64-Bit Server VM (21.0.5+9-LTS-239, mixed mode, emulated-client, sharing, tiered, compressed oops, compressed class ptrs, g1 gc, windows-amd64)
GC Precious Log:
 CardTable entry size: 512
 Card Set container configuration: InlinePtr #cards 4 size 8 Array Of Cards #cards 32 size 80 Howl #buckets 8 coarsen threshold 7372 Howl Bitmap #cards 1024 size 144 coarsen threshold 921 Card regions per heap region 1 cards per card region 8192
 CPUs: 12 total, 12 available
 Memory: 32095M
 Large Page Support: Disabled
 NUMA Support: Disabled
 Compressed Oops: Enabled (Zero based)
 Heap Region Size: 4M
 Heap Min Capacity: 8M
 Heap Initial Capacity: 504M
 Heap Max Capacity: 8024M
 Pre-touch: Disabled
 Parallel Workers: 10
 Concurrent Workers: 3
 Concurrent Refinement Workers: 10
 Periodic GC: Disabled
Heap:
 garbage-first heap   total 126976K, used 78506K [0x000000060a800000, 0x0000000800000000)
  region size 4096K, 10 young (40960K), 2 survivors (8192K)
 Metaspace       used 73211K, committed 73984K, reserved 1114112K
  class space    used 10642K, committed 11008K, reserved 1048576K
GC Heap History (20 events):
Event: 2.903 GC heap before
{Heap before GC invocations=6 (full 0):
 garbage-first heap   total 98304K, used 68896K [0x000000060a800000, 0x0000000800000000)
  region size 4096K, 12 young (49152K), 2 survivors (8192K)
 Metaspace       used 33057K, committed 33728K, reserved 1114112K
  class space    used 4561K, committed 4864K, reserved 1048576K
}
Event: 2.911 GC heap after
{Heap after GC invocations=7 (full 0):
 garbage-first heap   total 98304K, used 27333K [0x000000060a800000, 0x0000000800000000)
  region size 4096K, 2 young (8192K), 2 survivors (8192K)
 Metaspace       used 33057K, committed 33728K, reserved 1114112K
  class space    used 4561K, committed 4864K, reserved 1048576K
}
Event: 3.235 GC heap before
{Heap before GC invocations=7 (full 0):
 garbage-first heap   total 98304K, used 43717K [0x000000060a800000, 0x0000000800000000)
  region size 4096K, 7 young (28672K), 2 survivors (8192K)
 Metaspace       used 35328K, committed 35840K, reserved 1114112K
  class space    used 4836K, committed 5056K, reserved 1048576K
}
Event: 3.243 GC heap after
{Heap after GC invocations=8 (full 0):
 garbage-first heap   total 307200K, used 28783K [0x000000060a800000, 0x0000000800000000)
  region size 4096K, 2 young (8192K), 2 survivors (8192K)
 Metaspace       used 35328K, committed 35840K, reserved 1114112K
  class space    used 4836K, committed 5056K, reserved 1048576K
}
Event: 4.500 GC heap before
{Heap before GC invocations=9 (full 0):
 garbage-first heap   total 122880K, used 94319K [0x000000060a800000, 0x0000000800000000)
  region size 4096K, 18 young (73728K), 2 survivors (8192K)
 Metaspace       used 49183K, committed 49792K, reserved 1114112K
  class space    used 6823K, committed 7104K, reserved 1048576K
}
Event: 4.505 GC heap after
{Heap after GC invocations=10 (full 0):
 garbage-first heap   total 122880K, used 32510K [0x000000060a800000, 0x0000000800000000)
  region size 4096K, 3 young (12288K), 3 survivors (12288K)
 Metaspace       used 49183K, committed 49792K, reserved 1114112K
  class space    used 6823K, committed 7104K, reserved 1048576K
}
Event: 5.296 GC heap before
{Heap before GC invocations=10 (full 0):
 garbage-first heap   total 122880K, used 69374K [0x000000060a800000, 0x0000000800000000)
  region size 4096K, 13 young (53248K), 3 survivors (12288K)
 Metaspace       used 59301K, committed 59968K, reserved 1114112K
  class space    used 8388K, committed 8704K, reserved 1048576K
}
Event: 5.302 GC heap after
{Heap after GC invocations=11 (full 0):
 garbage-first heap   total 122880K, used 32503K [0x000000060a800000, 0x0000000800000000)
  region size 4096K, 2 young (8192K), 2 survivors (8192K)
 Metaspace       used 59301K, committed 59968K, reserved 1114112K
  class space    used 8388K, committed 8704K, reserved 1048576K
}
Event: 5.328 GC heap before
{Heap before GC invocations=11 (full 0):
 garbage-first heap   total 122880K, used 32503K [0x000000060a800000, 0x0000000800000000)
  region size 4096K, 3 young (12288K), 2 survivors (8192K)
 Metaspace       used 59610K, committed 60288K, reserved 1114112K
  class space    used 8444K, committed 8768K, reserved 1048576K
}
Event: 5.332 GC heap after
{Heap after GC invocations=12 (full 0):
 garbage-first heap   total 122880K, used 32816K [0x000000060a800000, 0x0000000800000000)
  region size 4096K, 2 young (8192K), 2 survivors (8192K)
 Metaspace       used 59610K, committed 60288K, reserved 1114112K
  class space    used 8444K, committed 8768K, reserved 1048576K
}
Event: 6.259 GC heap before
{Heap before GC invocations=13 (full 0):
 garbage-first heap   total 122880K, used 98352K [0x000000060a800000, 0x0000000800000000)
  region size 4096K, 18 young (73728K), 2 survivors (8192K)
 Metaspace       used 65879K, committed 66688K, reserved 1114112K
  class space    used 9493K, committed 9856K, reserved 1048576K
}
Event: 6.266 GC heap after
{Heap after GC invocations=14 (full 0):
 garbage-first heap   total 122880K, used 42273K [0x000000060a800000, 0x0000000800000000)
  region size 4096K, 3 young (12288K), 3 survivors (12288K)
 Metaspace       used 65879K, committed 66688K, reserved 1114112K
  class space    used 9493K, committed 9856K, reserved 1048576K
}
Event: 6.569 GC heap before
{Heap before GC invocations=14 (full 0):
 garbage-first heap   total 122880K, used 99617K [0x000000060a800000, 0x0000000800000000)
  region size 4096K, 17 young (69632K), 3 survivors (12288K)
 Metaspace       used 67670K, committed 68416K, reserved 1114112K
  class space    used 9869K, committed 10176K, reserved 1048576K
}
Event: 6.578 GC heap after
{Heap after GC invocations=15 (full 0):
 garbage-first heap   total 126976K, used 48117K [0x000000060a800000, 0x0000000800000000)
  region size 4096K, 2 young (8192K), 2 survivors (8192K)
 Metaspace       used 67670K, committed 68416K, reserved 1114112K
  class space    used 9869K, committed 10176K, reserved 1048576K
}
Event: 6.834 GC heap before
{Heap before GC invocations=15 (full 0):
 garbage-first heap   total 126976K, used 101365K [0x000000060a800000, 0x0000000800000000)
  region size 4096K, 15 young (61440K), 2 survivors (8192K)
 Metaspace       used 69543K, committed 70272K, reserved 1114112K
  class space    used 10122K, committed 10432K, reserved 1048576K
}
Event: 6.835 GC heap after
{Heap after GC invocations=16 (full 0):
 garbage-first heap   total 126976K, used 45819K [0x000000060a800000, 0x0000000800000000)
  region size 4096K, 1 young (4096K), 1 survivors (4096K)
 Metaspace       used 69543K, committed 70272K, reserved 1114112K
  class space    used 10122K, committed 10432K, reserved 1048576K
}
Event: 7.440 GC heap before
{Heap before GC invocations=16 (full 0):
 garbage-first heap   total 126976K, used 107259K [0x000000060a800000, 0x0000000800000000)
  region size 4096K, 16 young (65536K), 1 survivors (4096K)
 Metaspace       used 72966K, committed 73664K, reserved 1114112K
  class space    used 10593K, committed 10880K, reserved 1048576K
}
Event: 7.443 GC heap after
{Heap after GC invocations=17 (full 0):
 garbage-first heap   total 126976K, used 49415K [0x000000060a800000, 0x0000000800000000)
  region size 4096K, 2 young (8192K), 2 survivors (8192K)
 Metaspace       used 72966K, committed 73664K, reserved 1114112K
  class space    used 10593K, committed 10880K, reserved 1048576K
}
Event: 1967.503 GC heap before
{Heap before GC invocations=18 (full 0):
 garbage-first heap   total 126976K, used 102663K [0x000000060a800000, 0x0000000800000000)
  region size 4096K, 15 young (61440K), 2 survivors (8192K)
 Metaspace       used 73206K, committed 73984K, reserved 1114112K
  class space    used 10641K, committed 11008K, reserved 1048576K
}
Event: 1967.506 GC heap after
{Heap after GC invocations=19 (full 0):
 garbage-first heap   total 126976K, used 49834K [0x000000060a800000, 0x0000000800000000)
  region size 4096K, 2 young (8192K), 2 survivors (8192K)
 Metaspace       used 73206K, committed 73984K, reserved 1114112K
  class space    used 10641K, committed 11008K, reserved 1048576K
}

